<?xml version="1.0" encoding="utf-8"?><testsuites><testsuite name="pytest" errors="0" failures="1" skipped="0" tests="19" time="0.153" timestamp="2021-04-09T11:19:46.949937" hostname="MININT-CTSDG93"><testcase classname="tests.test_accum with_fixtures" name="test_accumulator_init" time="0.001" /><testcase classname="tests.test_accum with_fixtures" name="test_accumulator_add_one" time="0.002"><failure message="assert 1 == 2&#10; +  where 1 = &lt;stuff.accum.Accumulator object at 0x04199970&gt;.count">accum = &lt;stuff.accum.Accumulator object at 0x04199928&gt;, accum2 = &lt;stuff.accum.Accumulator object at 0x04199970&gt;

    def test_accumulator_add_one(accum,accum2):
    
        accum.add()
        accum2.add()
        assert accum.count == 1
&gt;       assert accum2.count == 2
E       assert 1 == 2
E        +  where 1 = &lt;stuff.accum.Accumulator object at 0x04199970&gt;.count

tests\test_accum with_fixtures.py:20: AssertionError</failure></testcase><testcase classname="tests.test_accum with_fixtures" name="test_accumulator_add_three" time="0.001" /><testcase classname="tests.test_accum with_fixtures" name="test_accumulator_add_twice" time="0.001" /><testcase classname="tests.test_accum with_fixtures" name="test_accumulator_cannot_set_count_directly" time="0.001" /><testcase classname="tests.test_accum" name="test_accumulator_init" time="0.001" /><testcase classname="tests.test_accum" name="test_accumulator_add_one" time="0.001" /><testcase classname="tests.test_accum" name="test_accumulator_add_three" time="0.001" /><testcase classname="tests.test_accum" name="test_accumulator_add_twice" time="0.001" /><testcase classname="tests.test_accum" name="test_accumulator_cannot_set_count_directly" time="0.001" /><testcase classname="tests.test_math" name="test_addition" time="0.001" /><testcase classname="tests.test_math" name="test_differnce" time="0.001" /><testcase classname="tests.test_math" name="test_exception_Zero" time="0.001" /><testcase classname="tests.test_math" name="test_mult[2-3-6]" time="0.001" /><testcase classname="tests.test_math" name="test_mult[1-99-99]" time="0.001" /><testcase classname="tests.test_math" name="test_mult[22-0-0]" time="0.001" /><testcase classname="tests.test_math" name="test_mult[3--4--12]" time="0.001" /><testcase classname="tests.test_math" name="test_mult[-4--5-20]" time="0.001" /><testcase classname="tests.test_math" name="test_mult[2.5-6.7-16.75]" time="0.001" /></testsuite></testsuites>